Terminals unused in grammar

    AUTO
    BREAK
    CASE
    CONST
    CONTINUE
    DEFAULT
    DOUBLE
    ENUM
    EXTERN
    GOTO
    LONG
    REGISTER
    SHORT
    SIGNED
    SIZEOF
    STATIC
    STRUCT
    SWITCH
    UNION
    UNSIGNED
    VOLATILE
    OP_MOD
    OP_NO


State 0 conflicts: 1 shift/reduce
State 3 conflicts: 5 shift/reduce
State 9 conflicts: 1 shift/reduce, 5 reduce/reduce
State 49 conflicts: 13 shift/reduce
State 107 conflicts: 6 shift/reduce
State 108 conflicts: 6 shift/reduce


Grammar

    0 $accept: program $end

    1 program: headers datatype MAIN PARENT_A PARENT_C INICIO body return FIN

    2 headers: headers headers
    3        | INCLUDE
    4        | ε

    5 body: IF PARENT_A condition PARENT_C INICIO body FIN else
    6     | FOR PARENT_A statement PUNTO_COMA condition PUNTO_COMA statement PARENT_C INICIO body FIN PUNTO_COMA
    7     | WHILE PARENT_A condition PARENT_C INICIO body FIN
    8     | DO INICIO body FIN WHILE PARENT_A condition PARENT_C PUNTO_COMA
    9     | statement PUNTO_COMA
   10     | body body
   11     | PRINTF PARENT_A STRING PARENT_C PUNTO_COMA
   12     | PRINTF PARENT_A STRING COMA ID PARENT_C PUNTO_COMA
   13     | SCANF PARENT_A STRING COMA '&' ID PARENT_C PUNTO_COMA

   14 else: ELSE INICIO body FIN
   15     | ε

   16 datatype: CHAR
   17         | INT
   18         | FLOAT
   19         | VOID

   20 condition: value relational value
   21          | TRUE
   22          | FALSE

   23 statement: datatype ID init PUNTO_COMA
   24          | ID asignators value PUNTO_COMA
   25          | ID relational expression PUNTO_COMA
   26          | ID UNARY PUNTO_COMA
   27          | UNARY ID PUNTO_COMA
   28          | error

   29 init: OP_ASIG value
   30     | COMA ID init
   31     | ε

   32 asignators: OP_ASIG
   33           | OP_INCRE_SUM
   34           | OP_INCRE_SUST
   35           | OP_INCRE_DIV
   36           | OP_INCRE_MULT

   37 expression: expression arithmetics expression
   38           | expression logic expression
   39           | value

   40 arithmetics: OP_SUMA
   41            | OP_SUS
   42            | OP_DIV
   43            | OP_MULT

   44 relational: OP_IGUAL
   45           | OP_MAYOR
   46           | OP_MAYOR_IGUAL
   47           | OP_MENOR
   48           | OP_MENOR_IGUAL
   49           | OP_DIST

   50 value: CHARACTER
   51      | FLOAT_NUMBER
   52      | INTEGER_NUMBER
   53      | STRING
   54      | ID

   55 logic: OP_O
   56      | OP_Y

   57 return: RETURN value PUNTO_COMA
   58       | ε


Terminals, with rules where they appear

    $end (0) 0
    '&' (38) 13
    error (256) 28
    MAIN (258) 1
    INCLUDE (259) 3
    UNARY (260) 26 27
    RETURN (261) 57
    AUTO (262)
    BREAK (263)
    CASE (264)
    CHAR (265) 16
    CONST (266)
    CONTINUE (267)
    DEFAULT (268)
    DO (269) 8
    DOUBLE (270)
    ELSE (271) 14
    ENUM (272)
    EXTERN (273)
    FLOAT (274) 18
    FOR (275) 6
    GOTO (276)
    IF (277) 5
    INT (278) 17
    LONG (279)
    REGISTER (280)
    PRINTF (281) 11 12
    SCANF (282) 13
    SHORT (283)
    SIGNED (284)
    SIZEOF (285)
    STATIC (286)
    STRUCT (287)
    SWITCH (288)
    UNION (289)
    UNSIGNED (290)
    VOID (291) 19
    VOLATILE (292)
    WHILE (293) 7 8
    OP_MULT (294) 43
    OP_SUMA (295) 40
    OP_SUS (296) 41
    OP_DIV (297) 42
    OP_MOD (298)
    OP_ASIG (299) 29 32
    PUNTO_COMA (300) 6 8 9 11 12 13 23 24 25 26 27 57
    PARENT_A (301) 1 5 6 7 8 11 12 13
    PARENT_C (302) 1 5 6 7 8 11 12 13
    COMA (303) 12 13 30
    INICIO (304) 1 5 6 7 8 14
    FIN (305) 1 5 6 7 8 14
    OP_O (306) 55
    OP_NO (307)
    OP_MAYOR_IGUAL (308) 46
    OP_MAYOR (309) 45
    OP_MENOR_IGUAL (310) 48
    OP_MENOR (311) 47
    OP_DIST (312) 49
    OP_Y (313) 56
    OP_IGUAL (314) 44
    CHARACTER (315) 50
    STRING (316) 11 12 13 53
    FLOAT_NUMBER (317) 51
    INTEGER_NUMBER (318) 52
    ID (319) 12 13 23 24 25 26 27 30 54
    TRUE (320) 21
    FALSE (321) 22
    OP_INCRE_SUM (322) 33
    OP_INCRE_MULT (323) 36
    OP_INCRE_DIV (324) 35
    OP_INCRE_SUST (325) 34


Nonterminals, with rules where they appear

    $accept (72)
        on left: 0
    program (73)
        on left: 1
        on right: 0
    headers (74)
        on left: 2 3 4
        on right: 1 2
    body (75)
        on left: 5 6 7 8 9 10 11 12 13
        on right: 1 5 6 7 8 10 14
    else (76)
        on left: 14 15
        on right: 5
    datatype (77)
        on left: 16 17 18 19
        on right: 1 23
    condition (78)
        on left: 20 21 22
        on right: 5 6 7 8
    statement (79)
        on left: 23 24 25 26 27 28
        on right: 6 9
    init (80)
        on left: 29 30 31
        on right: 23 30
    asignators (81)
        on left: 32 33 34 35 36
        on right: 24
    expression (82)
        on left: 37 38 39
        on right: 25 37 38
    arithmetics (83)
        on left: 40 41 42 43
        on right: 37
    relational (84)
        on left: 44 45 46 47 48 49
        on right: 20 25
    value (85)
        on left: 50 51 52 53 54
        on right: 20 24 29 39 57
    logic (86)
        on left: 55 56
        on right: 38
    return (87)
        on left: 57 58
        on right: 1


State 0

    0 $accept: • program $end

    INCLUDE  shift, and go to state 1

    INCLUDE   [reduce using rule 4 (headers)]
    $default  reduce using rule 4 (headers)

    program  go to state 2
    headers  go to state 3


State 1

    3 headers: INCLUDE •

    $default  reduce using rule 3 (headers)


State 2

    0 $accept: program • $end

    $end  shift, and go to state 4


State 3

    1 program: headers • datatype MAIN PARENT_A PARENT_C INICIO body return FIN
    2 headers: headers • headers

    INCLUDE  shift, and go to state 1
    CHAR     shift, and go to state 5
    FLOAT    shift, and go to state 6
    INT      shift, and go to state 7
    VOID     shift, and go to state 8

    INCLUDE  [reduce using rule 4 (headers)]
    CHAR     [reduce using rule 4 (headers)]
    FLOAT    [reduce using rule 4 (headers)]
    INT      [reduce using rule 4 (headers)]
    VOID     [reduce using rule 4 (headers)]

    headers   go to state 9
    datatype  go to state 10


State 4

    0 $accept: program $end •

    $default  accept


State 5

   16 datatype: CHAR •

    $default  reduce using rule 16 (datatype)


State 6

   18 datatype: FLOAT •

    $default  reduce using rule 18 (datatype)


State 7

   17 datatype: INT •

    $default  reduce using rule 17 (datatype)


State 8

   19 datatype: VOID •

    $default  reduce using rule 19 (datatype)


State 9

    2 headers: headers • headers
    2        | headers headers •

    INCLUDE  shift, and go to state 1

    INCLUDE   [reduce using rule 2 (headers)]
    INCLUDE   [reduce using rule 4 (headers)]
    CHAR      reduce using rule 2 (headers)
    CHAR      [reduce using rule 4 (headers)]
    FLOAT     reduce using rule 2 (headers)
    FLOAT     [reduce using rule 4 (headers)]
    INT       reduce using rule 2 (headers)
    INT       [reduce using rule 4 (headers)]
    VOID      reduce using rule 2 (headers)
    VOID      [reduce using rule 4 (headers)]
    $default  reduce using rule 2 (headers)

    headers  go to state 9


State 10

    1 program: headers datatype • MAIN PARENT_A PARENT_C INICIO body return FIN

    MAIN  shift, and go to state 11


State 11

    1 program: headers datatype MAIN • PARENT_A PARENT_C INICIO body return FIN

    PARENT_A  shift, and go to state 12


State 12

    1 program: headers datatype MAIN PARENT_A • PARENT_C INICIO body return FIN

    PARENT_C  shift, and go to state 13


State 13

    1 program: headers datatype MAIN PARENT_A PARENT_C • INICIO body return FIN

    INICIO  shift, and go to state 14


State 14

    1 program: headers datatype MAIN PARENT_A PARENT_C INICIO • body return FIN

    error   shift, and go to state 15
    UNARY   shift, and go to state 16
    CHAR    shift, and go to state 5
    DO      shift, and go to state 17
    FLOAT   shift, and go to state 6
    FOR     shift, and go to state 18
    IF      shift, and go to state 19
    INT     shift, and go to state 7
    PRINTF  shift, and go to state 20
    SCANF   shift, and go to state 21
    VOID    shift, and go to state 8
    WHILE   shift, and go to state 22
    ID      shift, and go to state 23

    body       go to state 24
    datatype   go to state 25
    statement  go to state 26


State 15

   28 statement: error •

    $default  reduce using rule 28 (statement)


State 16

   27 statement: UNARY • ID PUNTO_COMA

    ID  shift, and go to state 27


State 17

    8 body: DO • INICIO body FIN WHILE PARENT_A condition PARENT_C PUNTO_COMA

    INICIO  shift, and go to state 28


State 18

    6 body: FOR • PARENT_A statement PUNTO_COMA condition PUNTO_COMA statement PARENT_C INICIO body FIN PUNTO_COMA

    PARENT_A  shift, and go to state 29


State 19

    5 body: IF • PARENT_A condition PARENT_C INICIO body FIN else

    PARENT_A  shift, and go to state 30


State 20

   11 body: PRINTF • PARENT_A STRING PARENT_C PUNTO_COMA
   12     | PRINTF • PARENT_A STRING COMA ID PARENT_C PUNTO_COMA

    PARENT_A  shift, and go to state 31


State 21

   13 body: SCANF • PARENT_A STRING COMA '&' ID PARENT_C PUNTO_COMA

    PARENT_A  shift, and go to state 32


State 22

    7 body: WHILE • PARENT_A condition PARENT_C INICIO body FIN

    PARENT_A  shift, and go to state 33


State 23

   24 statement: ID • asignators value PUNTO_COMA
   25          | ID • relational expression PUNTO_COMA
   26          | ID • UNARY PUNTO_COMA

    UNARY           shift, and go to state 34
    OP_ASIG         shift, and go to state 35
    OP_MAYOR_IGUAL  shift, and go to state 36
    OP_MAYOR        shift, and go to state 37
    OP_MENOR_IGUAL  shift, and go to state 38
    OP_MENOR        shift, and go to state 39
    OP_DIST         shift, and go to state 40
    OP_IGUAL        shift, and go to state 41
    OP_INCRE_SUM    shift, and go to state 42
    OP_INCRE_MULT   shift, and go to state 43
    OP_INCRE_DIV    shift, and go to state 44
    OP_INCRE_SUST   shift, and go to state 45

    asignators  go to state 46
    relational  go to state 47


State 24

    1 program: headers datatype MAIN PARENT_A PARENT_C INICIO body • return FIN
   10 body: body • body

    error   shift, and go to state 15
    UNARY   shift, and go to state 16
    RETURN  shift, and go to state 48
    CHAR    shift, and go to state 5
    DO      shift, and go to state 17
    FLOAT   shift, and go to state 6
    FOR     shift, and go to state 18
    IF      shift, and go to state 19
    INT     shift, and go to state 7
    PRINTF  shift, and go to state 20
    SCANF   shift, and go to state 21
    VOID    shift, and go to state 8
    WHILE   shift, and go to state 22
    ID      shift, and go to state 23

    FIN  reduce using rule 58 (return)

    body       go to state 49
    datatype   go to state 25
    statement  go to state 26
    return     go to state 50


State 25

   23 statement: datatype • ID init PUNTO_COMA

    ID  shift, and go to state 51


State 26

    9 body: statement • PUNTO_COMA

    PUNTO_COMA  shift, and go to state 52


State 27

   27 statement: UNARY ID • PUNTO_COMA

    PUNTO_COMA  shift, and go to state 53


State 28

    8 body: DO INICIO • body FIN WHILE PARENT_A condition PARENT_C PUNTO_COMA

    error   shift, and go to state 15
    UNARY   shift, and go to state 16
    CHAR    shift, and go to state 5
    DO      shift, and go to state 17
    FLOAT   shift, and go to state 6
    FOR     shift, and go to state 18
    IF      shift, and go to state 19
    INT     shift, and go to state 7
    PRINTF  shift, and go to state 20
    SCANF   shift, and go to state 21
    VOID    shift, and go to state 8
    WHILE   shift, and go to state 22
    ID      shift, and go to state 23

    body       go to state 54
    datatype   go to state 25
    statement  go to state 26


State 29

    6 body: FOR PARENT_A • statement PUNTO_COMA condition PUNTO_COMA statement PARENT_C INICIO body FIN PUNTO_COMA

    error  shift, and go to state 15
    UNARY  shift, and go to state 16
    CHAR   shift, and go to state 5
    FLOAT  shift, and go to state 6
    INT    shift, and go to state 7
    VOID   shift, and go to state 8
    ID     shift, and go to state 23

    datatype   go to state 25
    statement  go to state 55


State 30

    5 body: IF PARENT_A • condition PARENT_C INICIO body FIN else

    CHARACTER       shift, and go to state 56
    STRING          shift, and go to state 57
    FLOAT_NUMBER    shift, and go to state 58
    INTEGER_NUMBER  shift, and go to state 59
    ID              shift, and go to state 60
    TRUE            shift, and go to state 61
    FALSE           shift, and go to state 62

    condition  go to state 63
    value      go to state 64


State 31

   11 body: PRINTF PARENT_A • STRING PARENT_C PUNTO_COMA
   12     | PRINTF PARENT_A • STRING COMA ID PARENT_C PUNTO_COMA

    STRING  shift, and go to state 65


State 32

   13 body: SCANF PARENT_A • STRING COMA '&' ID PARENT_C PUNTO_COMA

    STRING  shift, and go to state 66


State 33

    7 body: WHILE PARENT_A • condition PARENT_C INICIO body FIN

    CHARACTER       shift, and go to state 56
    STRING          shift, and go to state 57
    FLOAT_NUMBER    shift, and go to state 58
    INTEGER_NUMBER  shift, and go to state 59
    ID              shift, and go to state 60
    TRUE            shift, and go to state 61
    FALSE           shift, and go to state 62

    condition  go to state 67
    value      go to state 64


State 34

   26 statement: ID UNARY • PUNTO_COMA

    PUNTO_COMA  shift, and go to state 68


State 35

   32 asignators: OP_ASIG •

    $default  reduce using rule 32 (asignators)


State 36

   46 relational: OP_MAYOR_IGUAL •

    $default  reduce using rule 46 (relational)


State 37

   45 relational: OP_MAYOR •

    $default  reduce using rule 45 (relational)


State 38

   48 relational: OP_MENOR_IGUAL •

    $default  reduce using rule 48 (relational)


State 39

   47 relational: OP_MENOR •

    $default  reduce using rule 47 (relational)


State 40

   49 relational: OP_DIST •

    $default  reduce using rule 49 (relational)


State 41

   44 relational: OP_IGUAL •

    $default  reduce using rule 44 (relational)


State 42

   33 asignators: OP_INCRE_SUM •

    $default  reduce using rule 33 (asignators)


State 43

   36 asignators: OP_INCRE_MULT •

    $default  reduce using rule 36 (asignators)


State 44

   35 asignators: OP_INCRE_DIV •

    $default  reduce using rule 35 (asignators)


State 45

   34 asignators: OP_INCRE_SUST •

    $default  reduce using rule 34 (asignators)


State 46

   24 statement: ID asignators • value PUNTO_COMA

    CHARACTER       shift, and go to state 56
    STRING          shift, and go to state 57
    FLOAT_NUMBER    shift, and go to state 58
    INTEGER_NUMBER  shift, and go to state 59
    ID              shift, and go to state 60

    value  go to state 69


State 47

   25 statement: ID relational • expression PUNTO_COMA

    CHARACTER       shift, and go to state 56
    STRING          shift, and go to state 57
    FLOAT_NUMBER    shift, and go to state 58
    INTEGER_NUMBER  shift, and go to state 59
    ID              shift, and go to state 60

    expression  go to state 70
    value       go to state 71


State 48

   57 return: RETURN • value PUNTO_COMA

    CHARACTER       shift, and go to state 56
    STRING          shift, and go to state 57
    FLOAT_NUMBER    shift, and go to state 58
    INTEGER_NUMBER  shift, and go to state 59
    ID              shift, and go to state 60

    value  go to state 72


State 49

   10 body: body • body
   10     | body body •

    error   shift, and go to state 15
    UNARY   shift, and go to state 16
    CHAR    shift, and go to state 5
    DO      shift, and go to state 17
    FLOAT   shift, and go to state 6
    FOR     shift, and go to state 18
    IF      shift, and go to state 19
    INT     shift, and go to state 7
    PRINTF  shift, and go to state 20
    SCANF   shift, and go to state 21
    VOID    shift, and go to state 8
    WHILE   shift, and go to state 22
    ID      shift, and go to state 23

    error   [reduce using rule 10 (body)]
    UNARY   [reduce using rule 10 (body)]
    RETURN  reduce using rule 10 (body)
    CHAR    [reduce using rule 10 (body)]
    DO      [reduce using rule 10 (body)]
    FLOAT   [reduce using rule 10 (body)]
    FOR     [reduce using rule 10 (body)]
    IF      [reduce using rule 10 (body)]
    INT     [reduce using rule 10 (body)]
    PRINTF  [reduce using rule 10 (body)]
    SCANF   [reduce using rule 10 (body)]
    VOID    [reduce using rule 10 (body)]
    WHILE   [reduce using rule 10 (body)]
    FIN     reduce using rule 10 (body)
    ID      [reduce using rule 10 (body)]

    body       go to state 49
    datatype   go to state 25
    statement  go to state 26


State 50

    1 program: headers datatype MAIN PARENT_A PARENT_C INICIO body return • FIN

    FIN  shift, and go to state 73


State 51

   23 statement: datatype ID • init PUNTO_COMA

    OP_ASIG  shift, and go to state 74
    COMA     shift, and go to state 75

    $default  reduce using rule 31 (init)

    init  go to state 76


State 52

    9 body: statement PUNTO_COMA •

    $default  reduce using rule 9 (body)


State 53

   27 statement: UNARY ID PUNTO_COMA •

    $default  reduce using rule 27 (statement)


State 54

    8 body: DO INICIO body • FIN WHILE PARENT_A condition PARENT_C PUNTO_COMA
   10     | body • body

    error   shift, and go to state 15
    UNARY   shift, and go to state 16
    CHAR    shift, and go to state 5
    DO      shift, and go to state 17
    FLOAT   shift, and go to state 6
    FOR     shift, and go to state 18
    IF      shift, and go to state 19
    INT     shift, and go to state 7
    PRINTF  shift, and go to state 20
    SCANF   shift, and go to state 21
    VOID    shift, and go to state 8
    WHILE   shift, and go to state 22
    FIN     shift, and go to state 77
    ID      shift, and go to state 23

    body       go to state 49
    datatype   go to state 25
    statement  go to state 26


State 55

    6 body: FOR PARENT_A statement • PUNTO_COMA condition PUNTO_COMA statement PARENT_C INICIO body FIN PUNTO_COMA

    PUNTO_COMA  shift, and go to state 78


State 56

   50 value: CHARACTER •

    $default  reduce using rule 50 (value)


State 57

   53 value: STRING •

    $default  reduce using rule 53 (value)


State 58

   51 value: FLOAT_NUMBER •

    $default  reduce using rule 51 (value)


State 59

   52 value: INTEGER_NUMBER •

    $default  reduce using rule 52 (value)


State 60

   54 value: ID •

    $default  reduce using rule 54 (value)


State 61

   21 condition: TRUE •

    $default  reduce using rule 21 (condition)


State 62

   22 condition: FALSE •

    $default  reduce using rule 22 (condition)


State 63

    5 body: IF PARENT_A condition • PARENT_C INICIO body FIN else

    PARENT_C  shift, and go to state 79


State 64

   20 condition: value • relational value

    OP_MAYOR_IGUAL  shift, and go to state 36
    OP_MAYOR        shift, and go to state 37
    OP_MENOR_IGUAL  shift, and go to state 38
    OP_MENOR        shift, and go to state 39
    OP_DIST         shift, and go to state 40
    OP_IGUAL        shift, and go to state 41

    relational  go to state 80


State 65

   11 body: PRINTF PARENT_A STRING • PARENT_C PUNTO_COMA
   12     | PRINTF PARENT_A STRING • COMA ID PARENT_C PUNTO_COMA

    PARENT_C  shift, and go to state 81
    COMA      shift, and go to state 82


State 66

   13 body: SCANF PARENT_A STRING • COMA '&' ID PARENT_C PUNTO_COMA

    COMA  shift, and go to state 83


State 67

    7 body: WHILE PARENT_A condition • PARENT_C INICIO body FIN

    PARENT_C  shift, and go to state 84


State 68

   26 statement: ID UNARY PUNTO_COMA •

    $default  reduce using rule 26 (statement)


State 69

   24 statement: ID asignators value • PUNTO_COMA

    PUNTO_COMA  shift, and go to state 85


State 70

   25 statement: ID relational expression • PUNTO_COMA
   37 expression: expression • arithmetics expression
   38           | expression • logic expression

    OP_MULT     shift, and go to state 86
    OP_SUMA     shift, and go to state 87
    OP_SUS      shift, and go to state 88
    OP_DIV      shift, and go to state 89
    PUNTO_COMA  shift, and go to state 90
    OP_O        shift, and go to state 91
    OP_Y        shift, and go to state 92

    arithmetics  go to state 93
    logic        go to state 94


State 71

   39 expression: value •

    $default  reduce using rule 39 (expression)


State 72

   57 return: RETURN value • PUNTO_COMA

    PUNTO_COMA  shift, and go to state 95


State 73

    1 program: headers datatype MAIN PARENT_A PARENT_C INICIO body return FIN •

    $default  reduce using rule 1 (program)


State 74

   29 init: OP_ASIG • value

    CHARACTER       shift, and go to state 56
    STRING          shift, and go to state 57
    FLOAT_NUMBER    shift, and go to state 58
    INTEGER_NUMBER  shift, and go to state 59
    ID              shift, and go to state 60

    value  go to state 96


State 75

   30 init: COMA • ID init

    ID  shift, and go to state 97


State 76

   23 statement: datatype ID init • PUNTO_COMA

    PUNTO_COMA  shift, and go to state 98


State 77

    8 body: DO INICIO body FIN • WHILE PARENT_A condition PARENT_C PUNTO_COMA

    WHILE  shift, and go to state 99


State 78

    6 body: FOR PARENT_A statement PUNTO_COMA • condition PUNTO_COMA statement PARENT_C INICIO body FIN PUNTO_COMA

    CHARACTER       shift, and go to state 56
    STRING          shift, and go to state 57
    FLOAT_NUMBER    shift, and go to state 58
    INTEGER_NUMBER  shift, and go to state 59
    ID              shift, and go to state 60
    TRUE            shift, and go to state 61
    FALSE           shift, and go to state 62

    condition  go to state 100
    value      go to state 64


State 79

    5 body: IF PARENT_A condition PARENT_C • INICIO body FIN else

    INICIO  shift, and go to state 101


State 80

   20 condition: value relational • value

    CHARACTER       shift, and go to state 56
    STRING          shift, and go to state 57
    FLOAT_NUMBER    shift, and go to state 58
    INTEGER_NUMBER  shift, and go to state 59
    ID              shift, and go to state 60

    value  go to state 102


State 81

   11 body: PRINTF PARENT_A STRING PARENT_C • PUNTO_COMA

    PUNTO_COMA  shift, and go to state 103


State 82

   12 body: PRINTF PARENT_A STRING COMA • ID PARENT_C PUNTO_COMA

    ID  shift, and go to state 104


State 83

   13 body: SCANF PARENT_A STRING COMA • '&' ID PARENT_C PUNTO_COMA

    '&'  shift, and go to state 105


State 84

    7 body: WHILE PARENT_A condition PARENT_C • INICIO body FIN

    INICIO  shift, and go to state 106


State 85

   24 statement: ID asignators value PUNTO_COMA •

    $default  reduce using rule 24 (statement)


State 86

   43 arithmetics: OP_MULT •

    $default  reduce using rule 43 (arithmetics)


State 87

   40 arithmetics: OP_SUMA •

    $default  reduce using rule 40 (arithmetics)


State 88

   41 arithmetics: OP_SUS •

    $default  reduce using rule 41 (arithmetics)


State 89

   42 arithmetics: OP_DIV •

    $default  reduce using rule 42 (arithmetics)


State 90

   25 statement: ID relational expression PUNTO_COMA •

    $default  reduce using rule 25 (statement)


State 91

   55 logic: OP_O •

    $default  reduce using rule 55 (logic)


State 92

   56 logic: OP_Y •

    $default  reduce using rule 56 (logic)


State 93

   37 expression: expression arithmetics • expression

    CHARACTER       shift, and go to state 56
    STRING          shift, and go to state 57
    FLOAT_NUMBER    shift, and go to state 58
    INTEGER_NUMBER  shift, and go to state 59
    ID              shift, and go to state 60

    expression  go to state 107
    value       go to state 71


State 94

   38 expression: expression logic • expression

    CHARACTER       shift, and go to state 56
    STRING          shift, and go to state 57
    FLOAT_NUMBER    shift, and go to state 58
    INTEGER_NUMBER  shift, and go to state 59
    ID              shift, and go to state 60

    expression  go to state 108
    value       go to state 71


State 95

   57 return: RETURN value PUNTO_COMA •

    $default  reduce using rule 57 (return)


State 96

   29 init: OP_ASIG value •

    $default  reduce using rule 29 (init)


State 97

   30 init: COMA ID • init

    OP_ASIG  shift, and go to state 74
    COMA     shift, and go to state 75

    $default  reduce using rule 31 (init)

    init  go to state 109


State 98

   23 statement: datatype ID init PUNTO_COMA •

    $default  reduce using rule 23 (statement)


State 99

    8 body: DO INICIO body FIN WHILE • PARENT_A condition PARENT_C PUNTO_COMA

    PARENT_A  shift, and go to state 110


State 100

    6 body: FOR PARENT_A statement PUNTO_COMA condition • PUNTO_COMA statement PARENT_C INICIO body FIN PUNTO_COMA

    PUNTO_COMA  shift, and go to state 111


State 101

    5 body: IF PARENT_A condition PARENT_C INICIO • body FIN else

    error   shift, and go to state 15
    UNARY   shift, and go to state 16
    CHAR    shift, and go to state 5
    DO      shift, and go to state 17
    FLOAT   shift, and go to state 6
    FOR     shift, and go to state 18
    IF      shift, and go to state 19
    INT     shift, and go to state 7
    PRINTF  shift, and go to state 20
    SCANF   shift, and go to state 21
    VOID    shift, and go to state 8
    WHILE   shift, and go to state 22
    ID      shift, and go to state 23

    body       go to state 112
    datatype   go to state 25
    statement  go to state 26


State 102

   20 condition: value relational value •

    $default  reduce using rule 20 (condition)


State 103

   11 body: PRINTF PARENT_A STRING PARENT_C PUNTO_COMA •

    $default  reduce using rule 11 (body)


State 104

   12 body: PRINTF PARENT_A STRING COMA ID • PARENT_C PUNTO_COMA

    PARENT_C  shift, and go to state 113


State 105

   13 body: SCANF PARENT_A STRING COMA '&' • ID PARENT_C PUNTO_COMA

    ID  shift, and go to state 114


State 106

    7 body: WHILE PARENT_A condition PARENT_C INICIO • body FIN

    error   shift, and go to state 15
    UNARY   shift, and go to state 16
    CHAR    shift, and go to state 5
    DO      shift, and go to state 17
    FLOAT   shift, and go to state 6
    FOR     shift, and go to state 18
    IF      shift, and go to state 19
    INT     shift, and go to state 7
    PRINTF  shift, and go to state 20
    SCANF   shift, and go to state 21
    VOID    shift, and go to state 8
    WHILE   shift, and go to state 22
    ID      shift, and go to state 23

    body       go to state 115
    datatype   go to state 25
    statement  go to state 26


State 107

   37 expression: expression • arithmetics expression
   37           | expression arithmetics expression •
   38           | expression • logic expression

    OP_MULT  shift, and go to state 86
    OP_SUMA  shift, and go to state 87
    OP_SUS   shift, and go to state 88
    OP_DIV   shift, and go to state 89
    OP_O     shift, and go to state 91
    OP_Y     shift, and go to state 92

    OP_MULT   [reduce using rule 37 (expression)]
    OP_SUMA   [reduce using rule 37 (expression)]
    OP_SUS    [reduce using rule 37 (expression)]
    OP_DIV    [reduce using rule 37 (expression)]
    OP_O      [reduce using rule 37 (expression)]
    OP_Y      [reduce using rule 37 (expression)]
    $default  reduce using rule 37 (expression)

    arithmetics  go to state 93
    logic        go to state 94


State 108

   37 expression: expression • arithmetics expression
   38           | expression • logic expression
   38           | expression logic expression •

    OP_MULT  shift, and go to state 86
    OP_SUMA  shift, and go to state 87
    OP_SUS   shift, and go to state 88
    OP_DIV   shift, and go to state 89
    OP_O     shift, and go to state 91
    OP_Y     shift, and go to state 92

    OP_MULT   [reduce using rule 38 (expression)]
    OP_SUMA   [reduce using rule 38 (expression)]
    OP_SUS    [reduce using rule 38 (expression)]
    OP_DIV    [reduce using rule 38 (expression)]
    OP_O      [reduce using rule 38 (expression)]
    OP_Y      [reduce using rule 38 (expression)]
    $default  reduce using rule 38 (expression)

    arithmetics  go to state 93
    logic        go to state 94


State 109

   30 init: COMA ID init •

    $default  reduce using rule 30 (init)


State 110

    8 body: DO INICIO body FIN WHILE PARENT_A • condition PARENT_C PUNTO_COMA

    CHARACTER       shift, and go to state 56
    STRING          shift, and go to state 57
    FLOAT_NUMBER    shift, and go to state 58
    INTEGER_NUMBER  shift, and go to state 59
    ID              shift, and go to state 60
    TRUE            shift, and go to state 61
    FALSE           shift, and go to state 62

    condition  go to state 116
    value      go to state 64


State 111

    6 body: FOR PARENT_A statement PUNTO_COMA condition PUNTO_COMA • statement PARENT_C INICIO body FIN PUNTO_COMA

    error  shift, and go to state 15
    UNARY  shift, and go to state 16
    CHAR   shift, and go to state 5
    FLOAT  shift, and go to state 6
    INT    shift, and go to state 7
    VOID   shift, and go to state 8
    ID     shift, and go to state 23

    datatype   go to state 25
    statement  go to state 117


State 112

    5 body: IF PARENT_A condition PARENT_C INICIO body • FIN else
   10     | body • body

    error   shift, and go to state 15
    UNARY   shift, and go to state 16
    CHAR    shift, and go to state 5
    DO      shift, and go to state 17
    FLOAT   shift, and go to state 6
    FOR     shift, and go to state 18
    IF      shift, and go to state 19
    INT     shift, and go to state 7
    PRINTF  shift, and go to state 20
    SCANF   shift, and go to state 21
    VOID    shift, and go to state 8
    WHILE   shift, and go to state 22
    FIN     shift, and go to state 118
    ID      shift, and go to state 23

    body       go to state 49
    datatype   go to state 25
    statement  go to state 26


State 113

   12 body: PRINTF PARENT_A STRING COMA ID PARENT_C • PUNTO_COMA

    PUNTO_COMA  shift, and go to state 119


State 114

   13 body: SCANF PARENT_A STRING COMA '&' ID • PARENT_C PUNTO_COMA

    PARENT_C  shift, and go to state 120


State 115

    7 body: WHILE PARENT_A condition PARENT_C INICIO body • FIN
   10     | body • body

    error   shift, and go to state 15
    UNARY   shift, and go to state 16
    CHAR    shift, and go to state 5
    DO      shift, and go to state 17
    FLOAT   shift, and go to state 6
    FOR     shift, and go to state 18
    IF      shift, and go to state 19
    INT     shift, and go to state 7
    PRINTF  shift, and go to state 20
    SCANF   shift, and go to state 21
    VOID    shift, and go to state 8
    WHILE   shift, and go to state 22
    FIN     shift, and go to state 121
    ID      shift, and go to state 23

    body       go to state 49
    datatype   go to state 25
    statement  go to state 26


State 116

    8 body: DO INICIO body FIN WHILE PARENT_A condition • PARENT_C PUNTO_COMA

    PARENT_C  shift, and go to state 122


State 117

    6 body: FOR PARENT_A statement PUNTO_COMA condition PUNTO_COMA statement • PARENT_C INICIO body FIN PUNTO_COMA

    PARENT_C  shift, and go to state 123


State 118

    5 body: IF PARENT_A condition PARENT_C INICIO body FIN • else

    ELSE  shift, and go to state 124

    $default  reduce using rule 15 (else)

    else  go to state 125


State 119

   12 body: PRINTF PARENT_A STRING COMA ID PARENT_C PUNTO_COMA •

    $default  reduce using rule 12 (body)


State 120

   13 body: SCANF PARENT_A STRING COMA '&' ID PARENT_C • PUNTO_COMA

    PUNTO_COMA  shift, and go to state 126


State 121

    7 body: WHILE PARENT_A condition PARENT_C INICIO body FIN •

    $default  reduce using rule 7 (body)


State 122

    8 body: DO INICIO body FIN WHILE PARENT_A condition PARENT_C • PUNTO_COMA

    PUNTO_COMA  shift, and go to state 127


State 123

    6 body: FOR PARENT_A statement PUNTO_COMA condition PUNTO_COMA statement PARENT_C • INICIO body FIN PUNTO_COMA

    INICIO  shift, and go to state 128


State 124

   14 else: ELSE • INICIO body FIN

    INICIO  shift, and go to state 129


State 125

    5 body: IF PARENT_A condition PARENT_C INICIO body FIN else •

    $default  reduce using rule 5 (body)


State 126

   13 body: SCANF PARENT_A STRING COMA '&' ID PARENT_C PUNTO_COMA •

    $default  reduce using rule 13 (body)


State 127

    8 body: DO INICIO body FIN WHILE PARENT_A condition PARENT_C PUNTO_COMA •

    $default  reduce using rule 8 (body)


State 128

    6 body: FOR PARENT_A statement PUNTO_COMA condition PUNTO_COMA statement PARENT_C INICIO • body FIN PUNTO_COMA

    error   shift, and go to state 15
    UNARY   shift, and go to state 16
    CHAR    shift, and go to state 5
    DO      shift, and go to state 17
    FLOAT   shift, and go to state 6
    FOR     shift, and go to state 18
    IF      shift, and go to state 19
    INT     shift, and go to state 7
    PRINTF  shift, and go to state 20
    SCANF   shift, and go to state 21
    VOID    shift, and go to state 8
    WHILE   shift, and go to state 22
    ID      shift, and go to state 23

    body       go to state 130
    datatype   go to state 25
    statement  go to state 26


State 129

   14 else: ELSE INICIO • body FIN

    error   shift, and go to state 15
    UNARY   shift, and go to state 16
    CHAR    shift, and go to state 5
    DO      shift, and go to state 17
    FLOAT   shift, and go to state 6
    FOR     shift, and go to state 18
    IF      shift, and go to state 19
    INT     shift, and go to state 7
    PRINTF  shift, and go to state 20
    SCANF   shift, and go to state 21
    VOID    shift, and go to state 8
    WHILE   shift, and go to state 22
    ID      shift, and go to state 23

    body       go to state 131
    datatype   go to state 25
    statement  go to state 26


State 130

    6 body: FOR PARENT_A statement PUNTO_COMA condition PUNTO_COMA statement PARENT_C INICIO body • FIN PUNTO_COMA
   10     | body • body

    error   shift, and go to state 15
    UNARY   shift, and go to state 16
    CHAR    shift, and go to state 5
    DO      shift, and go to state 17
    FLOAT   shift, and go to state 6
    FOR     shift, and go to state 18
    IF      shift, and go to state 19
    INT     shift, and go to state 7
    PRINTF  shift, and go to state 20
    SCANF   shift, and go to state 21
    VOID    shift, and go to state 8
    WHILE   shift, and go to state 22
    FIN     shift, and go to state 132
    ID      shift, and go to state 23

    body       go to state 49
    datatype   go to state 25
    statement  go to state 26


State 131

   10 body: body • body
   14 else: ELSE INICIO body • FIN

    error   shift, and go to state 15
    UNARY   shift, and go to state 16
    CHAR    shift, and go to state 5
    DO      shift, and go to state 17
    FLOAT   shift, and go to state 6
    FOR     shift, and go to state 18
    IF      shift, and go to state 19
    INT     shift, and go to state 7
    PRINTF  shift, and go to state 20
    SCANF   shift, and go to state 21
    VOID    shift, and go to state 8
    WHILE   shift, and go to state 22
    FIN     shift, and go to state 133
    ID      shift, and go to state 23

    body       go to state 49
    datatype   go to state 25
    statement  go to state 26


State 132

    6 body: FOR PARENT_A statement PUNTO_COMA condition PUNTO_COMA statement PARENT_C INICIO body FIN • PUNTO_COMA

    PUNTO_COMA  shift, and go to state 134


State 133

   14 else: ELSE INICIO body FIN •

    $default  reduce using rule 14 (else)


State 134

    6 body: FOR PARENT_A statement PUNTO_COMA condition PUNTO_COMA statement PARENT_C INICIO body FIN PUNTO_COMA •

    $default  reduce using rule 6 (body)
